<?xml version="1.0" encoding="UTF-8"?>
<!-- Generated by org.testng.reporters.JUnitXMLReporter -->
<testsuite hostname="PUNE5CG84507HS" ignored="0" name="Default test" tests="4" failures="0" timestamp="22 Oct 2019 08:31:45 GMT" time="59.777" errors="0">
  <testcase name="logoForMeriPustakTest" time="0.467" classname="com.seleniumcpsatchallenge.qa.problemstatements.ProblemStatementMeriPustakTest"/>
  <testcase name="twitterHrefTest" time="4.854" classname="com.seleniumcpsatchallenge.qa.problemstatements.ProblemStatementMeriPustakTest"/>
  <testcase name="clickAndVerifyCartMessageTest" time="1.044" classname="com.seleniumcpsatchallenge.qa.problemstatements.ProblemStatementMeriPustakTest"/>
  <testcase name="addJavaBookAndVerifyCardMessageTest" time="5.667" classname="com.seleniumcpsatchallenge.qa.problemstatements.ProblemStatementMeriPustakTest"/>
</testsuite> <!-- Default test -->
